<?xml version="1.0" encoding="UTF-8"?>
<!-- Generated by org.testng.reporters.JUnitReportReporter -->
<testsuite skipped="0" hostname="Sony-PC" name="testing.validdata" tests="1" failures="0" timestamp="11 Jun 2018 15:42:32 GMT" time="20.922" errors="0">
  <testcase name="valid" time="20.922" classname="testing.validdata"/>
</testsuite> <!-- testing.validdata -->
